<?xml version="1.0" encoding="UTF-8"?>
<!-- Generated by org.testng.reporters.JUnitXMLReporter -->
<testsuite hostname="Syeds-MacBook-Pro.local" ignored="0" name="Free CRM app Test Cases" tests="5" failures="0" timestamp="13 Jun 2018 19:18:29 GMT" time="91.113" errors="0">
  <testcase name="ClickOnContactsTest" time="5.14" classname="com.crm.qa.TestCase.HomePageTest"/>
  <testcase name="ClickOnDealsTest" time="5.132" classname="com.crm.qa.TestCase.HomePageTest"/>
  <testcase name="ClickOnTasksTest" time="5.131" classname="com.crm.qa.TestCase.HomePageTest"/>
  <testcase name="VerifyContactsTest" time="0.04" classname="com.crm.qa.TestCase.HomePageTest"/>
  <testcase name="verifyUserNameTest" time="0.076" classname="com.crm.qa.TestCase.HomePageTest"/>
</testsuite> <!-- Free CRM app Test Cases -->
